wakeful/build/intermediates/manifest_merge_blame_file/debug/manifest-merger-blame-debug-report.txt
1<?xml version="1.0" encoding="utf-8"?>
2<manifest xmlns:android="http://schemas.android.com/apk/res/android"
3    package="com.commonsware.cwac.wakeful"
4    android:versionCode="1"
5    android:versionName="1.0" >
6
7    <uses-permission android:name="android.permission.WAKE_LOCK" />
7-->Coronavirus\wakeful\AndroidManifest.xml:6:3-66
7-->Coronavirus\wakeful\AndroidManifest.xml:6:20-63
8
9    <application />
9-->Coronavirus\wakeful\AndroidManifest.xml:7:2-16
10
11</manifest>